[debug] [2025-01-03T10:27:02.179Z] ----------------------------------------------------------------------
[debug] [2025-01-03T10:27:02.182Z] Command:       C:\Program Files\nodejs\node.exe C:\Users\vanka\AppData\Roaming\npm\node_modules\firebase-tools\lib\bin\firebase.js init
[debug] [2025-01-03T10:27:02.183Z] CLI Version:   13.11.2
[debug] [2025-01-03T10:27:02.183Z] Platform:      win32
[debug] [2025-01-03T10:27:02.184Z] Node Version:  v18.15.0
[debug] [2025-01-03T10:27:02.186Z] Time:          Fri Jan 03 2025 15:57:02 GMT+0530 (India Standard Time)
[debug] [2025-01-03T10:27:02.187Z] ----------------------------------------------------------------------
[debug] 
[debug] [2025-01-03T10:27:02.193Z] >>> [apiv2][query] GET https://firebase-public.firebaseio.com/cli.json [none]
[debug] [2025-01-03T10:27:02.540Z] > command requires scopes: ["email","openid","https://www.googleapis.com/auth/cloudplatformprojects.readonly","https://www.googleapis.com/auth/firebase","https://www.googleapis.com/auth/cloud-platform"]
[debug] [2025-01-03T10:27:02.541Z] > authorizing via signed-in user (vankarrohan56@gmail.com)
[info] 
     ######## #### ########  ######## ########     ###     ######  ########
     ##        ##  ##     ## ##       ##     ##  ##   ##  ##       ##
     ######    ##  ########  ######   ########  #########  ######  ######
     ##        ##  ##    ##  ##       ##     ## ##     ##       ## ##
     ##       #### ##     ## ######## ########  ##     ##  ######  ########

You're about to initialize a Firebase project in this directory:

  C:\Users\vanka\OneDrive\Desktop\New folder (2)\localservicemanagement\my-app

Before we get started, keep in mind:

  * You are initializing within an existing Firebase project directory

[debug] [2025-01-03T10:27:03.314Z] <<< [apiv2][status] GET https://firebase-public.firebaseio.com/cli.json 200
[debug] [2025-01-03T10:27:03.317Z] <<< [apiv2][body] GET https://firebase-public.firebaseio.com/cli.json {"cloudBuildErrorAfter":1594252800000,"cloudBuildWarnAfter":1590019200000,"defaultNode10After":1594252800000,"minVersion":"3.0.5","node8DeploysDisabledAfter":1613390400000,"node8RuntimeDisabledAfter":1615809600000,"node8WarnAfter":1600128000000}
[info] 
=== Project Setup
[info] 
[info] First, let's associate this project directory with a Firebase project.
[info] You can create multiple project aliases by running firebase use --add, 
[info] but for now we'll just set up a default project.
[info] 
[debug] [2025-01-03T10:27:50.125Z] Using project from CLI flag: localservice-mng
[debug] [2025-01-03T10:27:50.128Z] > refreshing access token with scopes: []
[debug] [2025-01-03T10:27:50.132Z] >>> [apiv2][query] POST https://www.googleapis.com/oauth2/v3/token [none]
[debug] [2025-01-03T10:27:50.133Z] >>> [apiv2][body] POST https://www.googleapis.com/oauth2/v3/token [omitted]
[debug] [2025-01-03T10:27:50.609Z] <<< [apiv2][status] POST https://www.googleapis.com/oauth2/v3/token 400
[debug] [2025-01-03T10:27:50.610Z] <<< [apiv2][body] POST https://www.googleapis.com/oauth2/v3/token [omitted]
[debug] [2025-01-03T10:27:50.612Z] >>> [apiv2][query] GET https://firebase.googleapis.com/v1beta1/projects/localservice-mng [none]
[debug] [2025-01-03T10:27:51.048Z] <<< [apiv2][status] GET https://firebase.googleapis.com/v1beta1/projects/localservice-mng 401
[debug] [2025-01-03T10:27:51.049Z] <<< [apiv2][body] GET https://firebase.googleapis.com/v1beta1/projects/localservice-mng {"error":{"code":401,"message":"Request had invalid authentication credentials. Expected OAuth 2 access token, login cookie or other valid authentication credential. See https://developers.google.com/identity/sign-in/web/devconsole-project.","status":"UNAUTHENTICATED"}}
[debug] [2025-01-03T10:27:51.051Z] HTTP Error: 401, Request had invalid authentication credentials. Expected OAuth 2 access token, login cookie or other valid authentication credential. See https://developers.google.com/identity/sign-in/web/devconsole-project.
[debug] [2025-01-03T10:27:51.520Z] FirebaseError: HTTP Error: 401, Request had invalid authentication credentials. Expected OAuth 2 access token, login cookie or other valid authentication credential. See https://developers.google.com/identity/sign-in/web/devconsole-project.
    at responseToError (C:\Users\vanka\AppData\Roaming\npm\node_modules\firebase-tools\lib\responseToError.js:49:12)
    at RetryOperation._fn (C:\Users\vanka\AppData\Roaming\npm\node_modules\firebase-tools\lib\apiv2.js:305:77)
    at process.processTicksAndRejections (node:internal/process/task_queues:95:5)
[error] 
[error] Error: Failed to get Firebase project localservice-mng. Please make sure the project exists and your account has permission to access it.
